 Soluzione:

-----------------------------------------------------
 Coordinate nodali:
-----------------------------------------------------
 Nodo      X[L]            Y[L]
   1   +0.00000e+00   -3.26000e-01
   2   +2.84128e-02   -3.24759e-01
   3   +5.66093e-02   -3.21047e-01
   4   +8.43750e-02   -3.14892e-01
   5   +1.11499e-01   -3.06340e-01
   6   +1.37774e-01   -2.95456e-01
   7   +1.63000e-01   -2.82324e-01
   8   +1.86986e-01   -2.67044e-01
   9   +2.09549e-01   -2.49730e-01
  10   +2.30517e-01   -2.30517e-01
  11   +2.49730e-01   -2.09549e-01
  12   +2.67044e-01   -1.86986e-01
  13   +2.82324e-01   -1.63000e-01
  14   +2.95456e-01   -1.37774e-01
  15   +3.06340e-01   -1.11499e-01
  16   +3.14892e-01   -8.43750e-02
  17   +3.21047e-01   -5.66093e-02
  18   +3.24759e-01   -2.84128e-02
  19   +3.26000e-01   -1.99617e-17
  20   +3.24759e-01   +2.84128e-02
  21   +3.21047e-01   +5.66093e-02
  22   +3.14892e-01   +8.43750e-02
  23   +3.06340e-01   +1.11499e-01
  24   +2.95456e-01   +1.37774e-01
  25   +2.82324e-01   +1.63000e-01
  26   +2.67044e-01   +1.86986e-01
  27   +2.49730e-01   +2.09549e-01
  28   +2.30517e-01   +2.30517e-01
  29   +2.09549e-01   +2.49730e-01
  30   +1.86986e-01   +2.67044e-01
  31   +1.63000e-01   +2.82324e-01
  32   +1.37774e-01   +2.95456e-01
  33   +1.11499e-01   +3.06340e-01
  34   +8.43750e-02   +3.14892e-01
  35   +5.66093e-02   +3.21047e-01
  36   +2.84128e-02   +3.24759e-01
  37   +3.99235e-17   +3.26000e-01
  38   +0.00000e+00   +0.00000e+00
-----------------------------------------------------

-----------------------------------------------------
 Incidenze degli elementi:
-----------------------------------------------------
 Elemento  Nodo 1  Nodo 2
      1      1       2
      2      2       3
      3      3       4
      4      4       5
      5      5       6
      6      6       7
      7      7       8
      8      8       9
      9      9      10
     10     10      11
     11     11      12
     12     12      13
     13     13      14
     14     14      15
     15     15      16
     16     16      17
     17     17      18
     18     18      19
     19     19      20
     20     20      21
     21     21      22
     22     22      23
     23     23      24
     24     24      25
     25     25      26
     26     26      27
     27     27      28
     28     28      29
     29     29      30
     30     30      31
     31     31      32
     32     32      33
     33     33      34
     34     34      35
     35     35      36
     36     36      37
     37     38       2
     38     38       4
     39     38       6
     40     38       8
     41     38      10
     42     38      12
     43     38      14
     44     38      16
     45     38      18
     46     38      20
     47     38      22
     48     38      24
     49     38      26
     50     38      28
     51     38      30
     52     38      32
     53     38      34
     54     38      36
-----------------------------------------------------

-----------------------------------------------------
 Spostamenti nodali:
-----------------------------------------------------
 Nodo      Ux[L]           Uy[L]           Rz[rad]
   1   +0.00000e+00   +2.50324e-04   +0.00000e+00
   2   -1.06435e-05   +2.27729e-04   -1.32808e-03
   3   -1.69269e-05   +1.85974e-04   -1.29981e-03
   4   -2.18648e-05   +1.54210e-04   -9.11576e-04
   5   -2.67025e-05   +1.30644e-04   -4.29372e-04
   6   -3.55809e-05   +1.21525e-04   -1.18565e-04
   7   -4.45381e-05   +1.13423e-04   +5.15749e-05
   8   -5.70518e-05   +1.11325e-04   +1.13070e-04
   9   -6.68516e-05   +1.04913e-04   +1.11374e-04
  10   -7.90363e-05   +1.00925e-04   +9.23033e-05
  11   -8.68613e-05   +9.22568e-05   +6.84181e-05
  12   -9.71845e-05   +8.54586e-05   +5.22175e-05
  13   -1.02598e-04   +7.50611e-05   +4.24197e-05
  14   -1.11078e-04   +6.63097e-05   +3.76444e-05
  15   -1.14336e-04   +5.50184e-05   +3.58226e-05
  16   -1.21049e-04   +4.48899e-05   +3.48266e-05
  17   -1.22236e-04   +3.31910e-05   +3.40863e-05
  18   -1.27041e-04   +2.20444e-05   +3.29901e-05
  19   -1.26117e-04   +1.03145e-05   +3.16148e-05
  20   -1.28835e-04   -1.49370e-06   +2.99950e-05
  21   -1.25798e-04   -1.28730e-05   +2.82499e-05
  22   -1.26328e-04   -2.49525e-05   +2.64525e-05
  23   -1.21264e-04   -3.56010e-05   +2.46552e-05
  24   -1.19594e-04   -4.75500e-05   +2.28606e-05
  25   -1.12668e-04   -5.71103e-05   +2.10923e-05
  26   -1.08864e-04   -6.85335e-05   +1.93213e-05
  27   -1.00303e-04   -7.66848e-05   +1.75705e-05
  28   -9.44986e-05   -8.72062e-05   +1.58077e-05
  29   -8.45847e-05   -9.36734e-05   +1.40598e-05
  30   -7.69810e-05   -1.02948e-04   +1.22964e-05
  31   -6.60411e-05   -1.07511e-04   +1.05469e-05
  32   -5.68963e-05   -1.15236e-04   +8.78081e-06
  33   -4.52919e-05   -1.17737e-04   +7.02893e-06
  34   -3.49145e-05   -1.23661e-04   +5.25969e-06
  35   -2.30304e-05   -1.24012e-04   +3.50706e-06
  36   -1.17689e-05   -1.27945e-04   +1.74025e-06
  37   +0.00000e+00   -1.26127e-04   +0.00000e+00
  38   +0.00000e+00   +0.00000e+00   +9.65769e-05
-----------------------------------------------------

-----------------------------------------------------
 Azioni alle estremità delle aste:
-----------------------------------------------------
 Elem      N1[F]           T1[F]           M1[FL]
           N2[F]           T2[F]           M2[FL]
   1   -2.17060e+03   +1.30444e+02   -5.47659e+00
       -2.17060e+03   +1.30444e+02   -1.76679e+00
   2   -2.18196e+03   +1.29848e+02   -1.76934e+00
       -2.18196e+03   +1.29848e+02   +1.92352e+00
   3   -2.18497e+03   -6.08160e+01   +1.92352e+00
       -2.18497e+03   -6.08160e+01   +1.93919e-01
   4   -2.18575e+03   +7.89660e+01   +1.92089e-01
       -2.18575e+03   +7.89660e+01   +2.43787e+00
   5   -2.18432e+03   -1.11835e+02   +2.43787e+00
       -2.18432e+03   -1.11835e+02   -7.42714e-01
   6   -2.18314e+03   +8.48805e+01   -7.43019e-01
       -2.18314e+03   +8.48805e+01   +1.67097e+00
   7   -2.18223e+03   -1.05716e+02   +1.67097e+00
       -2.18223e+03   -1.05716e+02   -1.33557e+00
   8   -2.18170e+03   +9.35860e+01   -1.33541e+00
       -2.18170e+03   +9.35860e+01   +1.32616e+00
   9   -2.18156e+03   -9.69180e+01   +1.32616e+00
       -2.18156e+03   -9.69180e+01   -1.43017e+00
  10   -2.18152e+03   +9.59854e+01   -1.43004e+00
       -2.18152e+03   +9.59854e+01   +1.29977e+00
  11   -2.18158e+03   -9.45116e+01   +1.29977e+00
       -2.18158e+03   -9.45116e+01   -1.38813e+00
  12   -2.18164e+03   +9.57348e+01   -1.38806e+00
       -2.18164e+03   +9.57348e+01   +1.33462e+00
  13   -2.18168e+03   -9.47716e+01   +1.33462e+00
       -2.18168e+03   -9.47716e+01   -1.36067e+00
  14   -2.18170e+03   +9.53345e+01   -1.36062e+00
       -2.18170e+03   +9.53345e+01   +1.35068e+00
  15   -2.18171e+03   -9.51762e+01   +1.35068e+00
       -2.18171e+03   -9.51762e+01   -1.35611e+00
  16   -2.18171e+03   +9.52214e+01   -1.35606e+00
       -2.18171e+03   +9.52214e+01   +1.35202e+00
  17   -2.18171e+03   -9.52896e+01   +1.35202e+00
       -2.18171e+03   -9.52896e+01   -1.35800e+00
  18   -2.18171e+03   +9.52319e+01   -1.35794e+00
       -2.18171e+03   +9.52319e+01   +1.35044e+00
  19   -2.18170e+03   -9.52788e+01   +1.35044e+00
       -2.18170e+03   -9.52788e+01   -1.35927e+00
  20   -2.18170e+03   +9.52502e+01   -1.35921e+00
       -2.18170e+03   +9.52502e+01   +1.34969e+00
  21   -2.18170e+03   -9.52603e+01   +1.34969e+00
       -2.18170e+03   -9.52603e+01   -1.35949e+00
  22   -2.18170e+03   +9.52555e+01   -1.35943e+00
       -2.18170e+03   +9.52555e+01   +1.34962e+00
  23   -2.18170e+03   -9.52550e+01   +1.34962e+00
       -2.18170e+03   -9.52550e+01   -1.35941e+00
  24   -2.18170e+03   +9.52550e+01   -1.35934e+00
       -2.18170e+03   +9.52550e+01   +1.34970e+00
  25   -2.18170e+03   -9.52555e+01   +1.34970e+00
       -2.18170e+03   -9.52555e+01   -1.35936e+00
  26   -2.18171e+03   +9.52542e+01   -1.35928e+00
       -2.18171e+03   +9.52542e+01   +1.34973e+00
  27   -2.18171e+03   -9.52565e+01   +1.34973e+00
       -2.18171e+03   -9.52565e+01   -1.35935e+00
  28   -2.18171e+03   +9.52539e+01   -1.35927e+00
       -2.18171e+03   +9.52539e+01   +1.34974e+00
  29   -2.18171e+03   -9.52568e+01   +1.34974e+00
       -2.18171e+03   -9.52568e+01   -1.35935e+00
  30   -2.18171e+03   +9.52538e+01   -1.35927e+00
       -2.18171e+03   +9.52538e+01   +1.34973e+00
  31   -2.18171e+03   -9.52569e+01   +1.34973e+00
       -2.18171e+03   -9.52569e+01   -1.35936e+00
  32   -2.18171e+03   +9.52537e+01   -1.35928e+00
       -2.18171e+03   +9.52537e+01   +1.34972e+00
  33   -2.18171e+03   -9.52570e+01   +1.34972e+00
       -2.18171e+03   -9.52570e+01   -1.35937e+00
  34   -2.18171e+03   +9.52540e+01   -1.35928e+00
       -2.18171e+03   +9.52540e+01   +1.34973e+00
  35   -2.18171e+03   -9.52568e+01   +1.34973e+00
       -2.18171e+03   -9.52568e+01   -1.35936e+00
  36   -2.18171e+03   +9.52554e+01   -1.35927e+00
       -2.18171e+03   +9.52554e+01   +1.34978e+00
  37   +1.89261e+02   -1.14228e-02   +1.17554e-03
       +1.89261e+02   -1.14228e-02   -2.54828e-03
  38   +3.30297e+02   -8.24899e-03   +8.58878e-04
       +3.30297e+02   -8.24899e-03   -1.83029e-03
  39   +3.87035e+02   -1.23462e-03   +9.75926e-05
       +3.87035e+02   -1.23462e-03   -3.04894e-04
  40   +3.89464e+02   +9.27674e-04   -1.43265e-04
       +3.89464e+02   +9.27674e-04   +1.59157e-04
  41   +3.83034e+02   +8.32844e-04   -1.37812e-04
       +3.83034e+02   +8.32844e-04   +1.33695e-04
  42   +3.80386e+02   +5.43594e-04   -1.09977e-04
       +3.80386e+02   +5.43594e-04   +6.72344e-05
  43   +3.80253e+02   +4.74627e-04   -1.05757e-04
       +3.80253e+02   +4.74627e-04   +4.89717e-05
  44   +3.80546e+02   +5.10717e-04   -1.12997e-04
       +3.80546e+02   +5.10717e-04   +5.34969e-05
  45   +3.80670e+02   +5.56574e-04   -1.21356e-04
       +3.80670e+02   +5.56574e-04   +6.00867e-05
  46   +3.80677e+02   +5.92437e-04   -1.28645e-04
       +3.80677e+02   +5.92437e-04   +6.44895e-05
  47   +3.80664e+02   +6.23413e-04   -1.35401e-04
       +3.80664e+02   +6.23413e-04   +6.78319e-05
  48   +3.80658e+02   +6.53903e-04   -1.42101e-04
       +3.80658e+02   +6.53903e-04   +7.10711e-05
  49   +3.80658e+02   +6.84846e-04   -1.48850e-04
       +3.80658e+02   +6.84846e-04   +7.44097e-05
  50   +3.80658e+02   +7.16018e-04   -1.55624e-04
       +3.80658e+02   +7.16018e-04   +7.77980e-05
  51   +3.80659e+02   +7.47214e-04   -1.62401e-04
       +3.80659e+02   +7.47214e-04   +8.11913e-05
  52   +3.80659e+02   +7.78374e-04   -1.69173e-04
       +3.80659e+02   +7.78374e-04   +8.45766e-05
  53   +3.80659e+02   +8.09486e-04   -1.75941e-04
       +3.80659e+02   +8.09486e-04   +8.79514e-05
  54   +3.80660e+02   +8.40617e-04   -1.82711e-04
       +3.80660e+02   +8.40617e-04   +9.13302e-05
-----------------------------------------------------
